{"D:\\coding\\javascript-projects submission dicoding API\\automation-testing\\math-api\\src\\FigureCalculator.js": {"path":"D:\\coding\\javascript-projects submission dicoding API\\automation-testing\\math-api\\src\\FigureCalculator.js","statementMap":{"0":{"start":{"line":3,"column":8},"end":{"line":3,"column":35}},"1":{"start":{"line":7,"column":8},"end":{"line":7,"column":84}},"2":{"start":{"line":7,"column":30},"end":{"line":7,"column":84}},"3":{"start":{"line":9,"column":31},"end":{"line":9,"column":35}},"4":{"start":{"line":11,"column":8},"end":{"line":11,"column":125}},"5":{"start":{"line":11,"column":68},"end":{"line":11,"column":125}},"6":{"start":{"line":13,"column":8},"end":{"line":13,"column":79}},"7":{"start":{"line":16,"column":8},"end":{"line":16,"column":84}},"8":{"start":{"line":16,"column":30},"end":{"line":16,"column":84}},"9":{"start":{"line":18,"column":32},"end":{"line":18,"column":36}},"10":{"start":{"line":20,"column":8},"end":{"line":20,"column":126}},"11":{"start":{"line":20,"column":69},"end":{"line":20,"column":126}},"12":{"start":{"line":22,"column":8},"end":{"line":22,"column":54}},"13":{"start":{"line":25,"column":8},"end":{"line":25,"column":85}},"14":{"start":{"line":25,"column":30},"end":{"line":25,"column":85}},"15":{"start":{"line":27,"column":37},"end":{"line":27,"column":41}},"16":{"start":{"line":29,"column":8},"end":{"line":29,"column":152}},"17":{"start":{"line":29,"column":95},"end":{"line":29,"column":152}},"18":{"start":{"line":31,"column":8},"end":{"line":31,"column":75}},"19":{"start":{"line":34,"column":8},"end":{"line":34,"column":85}},"20":{"start":{"line":34,"column":31},"end":{"line":34,"column":85}},"21":{"start":{"line":36,"column":31},"end":{"line":36,"column":35}},"22":{"start":{"line":38,"column":8},"end":{"line":38,"column":125}},"23":{"start":{"line":38,"column":68},"end":{"line":38,"column":125}},"24":{"start":{"line":40,"column":8},"end":{"line":40,"column":84}},"25":{"start":{"line":44,"column":0},"end":{"line":44,"column":33}}},"fnMap":{"0":{"name":"(anonymous_0)","decl":{"start":{"line":2,"column":4},"end":{"line":2,"column":5}},"loc":{"start":{"line":2,"column":26},"end":{"line":4,"column":5}},"line":2},"1":{"name":"(anonymous_1)","decl":{"start":{"line":6,"column":4},"end":{"line":6,"column":5}},"loc":{"start":{"line":6,"column":41},"end":{"line":14,"column":5}},"line":6},"2":{"name":"(anonymous_2)","decl":{"start":{"line":15,"column":4},"end":{"line":15,"column":5}},"loc":{"start":{"line":15,"column":36},"end":{"line":23,"column":5}},"line":15},"3":{"name":"(anonymous_3)","decl":{"start":{"line":24,"column":4},"end":{"line":24,"column":5}},"loc":{"start":{"line":24,"column":40},"end":{"line":32,"column":5}},"line":24},"4":{"name":"(anonymous_4)","decl":{"start":{"line":33,"column":4},"end":{"line":33,"column":5}},"loc":{"start":{"line":33,"column":35},"end":{"line":41,"column":5}},"line":33}},"branchMap":{"0":{"loc":{"start":{"line":7,"column":8},"end":{"line":7,"column":84}},"type":"if","locations":[{"start":{"line":7,"column":8},"end":{"line":7,"column":84}},{"start":{},"end":{}}],"line":7},"1":{"loc":{"start":{"line":11,"column":8},"end":{"line":11,"column":125}},"type":"if","locations":[{"start":{"line":11,"column":8},"end":{"line":11,"column":125}},{"start":{},"end":{}}],"line":11},"2":{"loc":{"start":{"line":11,"column":11},"end":{"line":11,"column":66}},"type":"binary-expr","locations":[{"start":{"line":11,"column":11},"end":{"line":11,"column":37}},{"start":{"line":11,"column":41},"end":{"line":11,"column":66}}],"line":11},"3":{"loc":{"start":{"line":16,"column":8},"end":{"line":16,"column":84}},"type":"if","locations":[{"start":{"line":16,"column":8},"end":{"line":16,"column":84}},{"start":{},"end":{}}],"line":16},"4":{"loc":{"start":{"line":20,"column":8},"end":{"line":20,"column":126}},"type":"if","locations":[{"start":{"line":20,"column":8},"end":{"line":20,"column":126}},{"start":{},"end":{}}],"line":20},"5":{"loc":{"start":{"line":20,"column":12},"end":{"line":20,"column":67}},"type":"binary-expr","locations":[{"start":{"line":20,"column":12},"end":{"line":20,"column":38}},{"start":{"line":20,"column":42},"end":{"line":20,"column":67}}],"line":20},"6":{"loc":{"start":{"line":25,"column":8},"end":{"line":25,"column":85}},"type":"if","locations":[{"start":{"line":25,"column":8},"end":{"line":25,"column":85}},{"start":{},"end":{}}],"line":25},"7":{"loc":{"start":{"line":29,"column":8},"end":{"line":29,"column":152}},"type":"if","locations":[{"start":{"line":29,"column":8},"end":{"line":29,"column":152}},{"start":{},"end":{}}],"line":29},"8":{"loc":{"start":{"line":29,"column":11},"end":{"line":29,"column":93}},"type":"binary-expr","locations":[{"start":{"line":29,"column":11},"end":{"line":29,"column":36}},{"start":{"line":29,"column":40},"end":{"line":29,"column":65}},{"start":{"line":29,"column":69},"end":{"line":29,"column":93}}],"line":29},"9":{"loc":{"start":{"line":34,"column":8},"end":{"line":34,"column":85}},"type":"if","locations":[{"start":{"line":34,"column":8},"end":{"line":34,"column":85}},{"start":{},"end":{}}],"line":34},"10":{"loc":{"start":{"line":38,"column":8},"end":{"line":38,"column":125}},"type":"if","locations":[{"start":{"line":38,"column":8},"end":{"line":38,"column":125}},{"start":{},"end":{}}],"line":38},"11":{"loc":{"start":{"line":38,"column":12},"end":{"line":38,"column":66}},"type":"binary-expr","locations":[{"start":{"line":38,"column":12},"end":{"line":38,"column":38}},{"start":{"line":38,"column":42},"end":{"line":38,"column":66}}],"line":38}},"s":{"0":13,"1":7,"2":3,"3":4,"4":4,"5":3,"6":1,"7":7,"8":3,"9":4,"10":4,"11":3,"12":1,"13":7,"14":4,"15":3,"16":3,"17":2,"18":1,"19":7,"20":3,"21":4,"22":4,"23":3,"24":1,"25":1},"f":{"0":13,"1":7,"2":7,"3":7,"4":7},"b":{"0":[3,4],"1":[3,1],"2":[4,1],"3":[3,4],"4":[3,1],"5":[4,1],"6":[4,3],"7":[2,1],"8":[3,1,1],"9":[3,4],"10":[3,1],"11":[4,1]},"_coverageSchema":"1a1c01bbd47fc00a2c39e90264f33305004495a9","hash":"05214fc7047170bde20cd1834842cd2511db89b4"}
,"D:\\coding\\javascript-projects submission dicoding API\\automation-testing\\math-api\\src\\MathBasic.js": {"path":"D:\\coding\\javascript-projects submission dicoding API\\automation-testing\\math-api\\src\\MathBasic.js","statementMap":{"0":{"start":{"line":1,"column":18},"end":{"line":38,"column":1}},"1":{"start":{"line":3,"column":8},"end":{"line":3,"column":87}},"2":{"start":{"line":3,"column":30},"end":{"line":3,"column":87}},"3":{"start":{"line":5,"column":23},"end":{"line":5,"column":27}},"4":{"start":{"line":7,"column":8},"end":{"line":7,"column":101}},"5":{"start":{"line":7,"column":59},"end":{"line":7,"column":101}},"6":{"start":{"line":9,"column":8},"end":{"line":9,"column":18}},"7":{"start":{"line":12,"column":8},"end":{"line":12,"column":92}},"8":{"start":{"line":12,"column":30},"end":{"line":12,"column":92}},"9":{"start":{"line":14,"column":23},"end":{"line":14,"column":27}},"10":{"start":{"line":16,"column":8},"end":{"line":16,"column":101}},"11":{"start":{"line":16,"column":59},"end":{"line":16,"column":101}},"12":{"start":{"line":18,"column":8},"end":{"line":18,"column":19}},"13":{"start":{"line":21,"column":8},"end":{"line":21,"column":92}},"14":{"start":{"line":21,"column":30},"end":{"line":21,"column":92}},"15":{"start":{"line":23,"column":23},"end":{"line":23,"column":27}},"16":{"start":{"line":25,"column":8},"end":{"line":25,"column":101}},"17":{"start":{"line":25,"column":59},"end":{"line":25,"column":101}},"18":{"start":{"line":27,"column":8},"end":{"line":27,"column":18}},"19":{"start":{"line":30,"column":8},"end":{"line":30,"column":92}},"20":{"start":{"line":30,"column":30},"end":{"line":30,"column":92}},"21":{"start":{"line":32,"column":23},"end":{"line":32,"column":27}},"22":{"start":{"line":34,"column":8},"end":{"line":34,"column":101}},"23":{"start":{"line":34,"column":59},"end":{"line":34,"column":101}},"24":{"start":{"line":36,"column":8},"end":{"line":36,"column":18}},"25":{"start":{"line":40,"column":0},"end":{"line":40,"column":26}}},"fnMap":{"0":{"name":"(anonymous_0)","decl":{"start":{"line":2,"column":9},"end":{"line":2,"column":10}},"loc":{"start":{"line":2,"column":22},"end":{"line":10,"column":5}},"line":2},"1":{"name":"(anonymous_1)","decl":{"start":{"line":11,"column":14},"end":{"line":11,"column":15}},"loc":{"start":{"line":11,"column":27},"end":{"line":19,"column":5}},"line":11},"2":{"name":"(anonymous_2)","decl":{"start":{"line":20,"column":14},"end":{"line":20,"column":15}},"loc":{"start":{"line":20,"column":27},"end":{"line":28,"column":5}},"line":20},"3":{"name":"(anonymous_3)","decl":{"start":{"line":29,"column":12},"end":{"line":29,"column":13}},"loc":{"start":{"line":29,"column":25},"end":{"line":37,"column":5}},"line":29}},"branchMap":{"0":{"loc":{"start":{"line":3,"column":8},"end":{"line":3,"column":87}},"type":"if","locations":[{"start":{"line":3,"column":8},"end":{"line":3,"column":87}},{"start":{},"end":{}}],"line":3},"1":{"loc":{"start":{"line":7,"column":8},"end":{"line":7,"column":101}},"type":"if","locations":[{"start":{"line":7,"column":8},"end":{"line":7,"column":101}},{"start":{},"end":{}}],"line":7},"2":{"loc":{"start":{"line":7,"column":11},"end":{"line":7,"column":57}},"type":"binary-expr","locations":[{"start":{"line":7,"column":11},"end":{"line":7,"column":32}},{"start":{"line":7,"column":36},"end":{"line":7,"column":57}}],"line":7},"3":{"loc":{"start":{"line":12,"column":8},"end":{"line":12,"column":92}},"type":"if","locations":[{"start":{"line":12,"column":8},"end":{"line":12,"column":92}},{"start":{},"end":{}}],"line":12},"4":{"loc":{"start":{"line":16,"column":8},"end":{"line":16,"column":101}},"type":"if","locations":[{"start":{"line":16,"column":8},"end":{"line":16,"column":101}},{"start":{},"end":{}}],"line":16},"5":{"loc":{"start":{"line":16,"column":11},"end":{"line":16,"column":57}},"type":"binary-expr","locations":[{"start":{"line":16,"column":11},"end":{"line":16,"column":32}},{"start":{"line":16,"column":36},"end":{"line":16,"column":57}}],"line":16},"6":{"loc":{"start":{"line":21,"column":8},"end":{"line":21,"column":92}},"type":"if","locations":[{"start":{"line":21,"column":8},"end":{"line":21,"column":92}},{"start":{},"end":{}}],"line":21},"7":{"loc":{"start":{"line":25,"column":8},"end":{"line":25,"column":101}},"type":"if","locations":[{"start":{"line":25,"column":8},"end":{"line":25,"column":101}},{"start":{},"end":{}}],"line":25},"8":{"loc":{"start":{"line":25,"column":11},"end":{"line":25,"column":57}},"type":"binary-expr","locations":[{"start":{"line":25,"column":11},"end":{"line":25,"column":32}},{"start":{"line":25,"column":36},"end":{"line":25,"column":57}}],"line":25},"9":{"loc":{"start":{"line":30,"column":8},"end":{"line":30,"column":92}},"type":"if","locations":[{"start":{"line":30,"column":8},"end":{"line":30,"column":92}},{"start":{},"end":{}}],"line":30},"10":{"loc":{"start":{"line":34,"column":8},"end":{"line":34,"column":101}},"type":"if","locations":[{"start":{"line":34,"column":8},"end":{"line":34,"column":101}},{"start":{},"end":{}}],"line":34},"11":{"loc":{"start":{"line":34,"column":11},"end":{"line":34,"column":57}},"type":"binary-expr","locations":[{"start":{"line":34,"column":11},"end":{"line":34,"column":32}},{"start":{"line":34,"column":36},"end":{"line":34,"column":57}}],"line":34}},"s":{"0":3,"1":14,"2":4,"3":10,"4":10,"5":3,"6":7,"7":10,"8":4,"9":6,"10":6,"11":3,"12":3,"13":14,"14":4,"15":10,"16":10,"17":3,"18":7,"19":10,"20":4,"21":6,"22":6,"23":3,"24":3,"25":3},"f":{"0":14,"1":10,"2":14,"3":10},"b":{"0":[4,10],"1":[3,7],"2":[10,7],"3":[4,6],"4":[3,3],"5":[6,3],"6":[4,10],"7":[3,7],"8":[10,7],"9":[4,6],"10":[3,3],"11":[6,3]},"_coverageSchema":"1a1c01bbd47fc00a2c39e90264f33305004495a9","hash":"2977f74eb0a2da15c8f827e31b462b548710fc78"}
,"D:\\coding\\javascript-projects submission dicoding API\\automation-testing\\math-api\\src\\createServer.js": {"path":"D:\\coding\\javascript-projects submission dicoding API\\automation-testing\\math-api\\src\\createServer.js","statementMap":{"0":{"start":{"line":1,"column":13},"end":{"line":1,"column":34}},"1":{"start":{"line":3,"column":21},"end":{"line":22,"column":1}},"2":{"start":{"line":4,"column":19},"end":{"line":7,"column":6}},"3":{"start":{"line":9,"column":4},"end":{"line":19,"column":6}},"4":{"start":{"line":14,"column":31},"end":{"line":14,"column":45}},"5":{"start":{"line":15,"column":30},"end":{"line":15,"column":65}},"6":{"start":{"line":16,"column":16},"end":{"line":16,"column":32}},"7":{"start":{"line":21,"column":4},"end":{"line":21,"column":17}},"8":{"start":{"line":24,"column":0},"end":{"line":24,"column":29}}},"fnMap":{"0":{"name":"(anonymous_0)","decl":{"start":{"line":3,"column":21},"end":{"line":3,"column":22}},"loc":{"start":{"line":3,"column":40},"end":{"line":22,"column":1}},"line":3},"1":{"name":"(anonymous_1)","decl":{"start":{"line":13,"column":21},"end":{"line":13,"column":22}},"loc":{"start":{"line":13,"column":34},"end":{"line":17,"column":13}},"line":13}},"branchMap":{},"s":{"0":1,"1":1,"2":1,"3":1,"4":1,"5":1,"6":1,"7":1,"8":1},"f":{"0":1,"1":1},"b":{},"_coverageSchema":"1a1c01bbd47fc00a2c39e90264f33305004495a9","hash":"d75b54663c7c8c8e3c438ee997018ab2b8562fc1"}
}
