TN:
SF:src\FigureCalculator.js
FN:2,(anonymous_0)
FN:6,(anonymous_1)
FN:15,(anonymous_2)
FN:24,(anonymous_3)
FN:33,(anonymous_4)
FNF:5
FNH:5
FNDA:13,(anonymous_0)
FNDA:7,(anonymous_1)
FNDA:7,(anonymous_2)
FNDA:7,(anonymous_3)
FNDA:7,(anonymous_4)
DA:3,13
DA:7,7
DA:9,4
DA:11,4
DA:13,1
DA:16,7
DA:18,4
DA:20,4
DA:22,1
DA:25,7
DA:27,3
DA:29,3
DA:31,1
DA:34,7
DA:36,4
DA:38,4
DA:40,1
DA:44,1
LF:18
LH:18
BRDA:7,0,0,3
BRDA:7,0,1,4
BRDA:11,1,0,3
BRDA:11,1,1,1
BRDA:11,2,0,4
BRDA:11,2,1,1
BRDA:16,3,0,3
BRDA:16,3,1,4
BRDA:20,4,0,3
BRDA:20,4,1,1
BRDA:20,5,0,4
BRDA:20,5,1,1
BRDA:25,6,0,4
BRDA:25,6,1,3
BRDA:29,7,0,2
BRDA:29,7,1,1
BRDA:29,8,0,3
BRDA:29,8,1,1
BRDA:29,8,2,1
BRDA:34,9,0,3
BRDA:34,9,1,4
BRDA:38,10,0,3
BRDA:38,10,1,1
BRDA:38,11,0,4
BRDA:38,11,1,1
BRF:25
BRH:25
end_of_record
TN:
SF:src\MathBasic.js
FN:2,(anonymous_0)
FN:11,(anonymous_1)
FN:20,(anonymous_2)
FN:29,(anonymous_3)
FNF:4
FNH:4
FNDA:14,(anonymous_0)
FNDA:10,(anonymous_1)
FNDA:14,(anonymous_2)
FNDA:10,(anonymous_3)
DA:1,3
DA:3,14
DA:5,10
DA:7,10
DA:9,7
DA:12,10
DA:14,6
DA:16,6
DA:18,3
DA:21,14
DA:23,10
DA:25,10
DA:27,7
DA:30,10
DA:32,6
DA:34,6
DA:36,3
DA:40,3
LF:18
LH:18
BRDA:3,0,0,4
BRDA:3,0,1,10
BRDA:7,1,0,3
BRDA:7,1,1,7
BRDA:7,2,0,10
BRDA:7,2,1,7
BRDA:12,3,0,4
BRDA:12,3,1,6
BRDA:16,4,0,3
BRDA:16,4,1,3
BRDA:16,5,0,6
BRDA:16,5,1,3
BRDA:21,6,0,4
BRDA:21,6,1,10
BRDA:25,7,0,3
BRDA:25,7,1,7
BRDA:25,8,0,10
BRDA:25,8,1,7
BRDA:30,9,0,4
BRDA:30,9,1,6
BRDA:34,10,0,3
BRDA:34,10,1,3
BRDA:34,11,0,6
BRDA:34,11,1,3
BRF:24
BRH:24
end_of_record
TN:
SF:src\createServer.js
FN:3,(anonymous_0)
FN:13,(anonymous_1)
FNF:2
FNH:2
FNDA:1,(anonymous_0)
FNDA:1,(anonymous_1)
DA:1,1
DA:3,1
DA:4,1
DA:9,1
DA:14,1
DA:15,1
DA:16,1
DA:21,1
DA:24,1
LF:9
LH:9
BRF:0
BRH:0
end_of_record
